Arguments: 
  C:\Program Files\nodejs\node.exe C:\Program Files\nodejs\node_modules\yarn\bin\yarn.js build

PATH: 
  C:\Program Files (x86)\Common Files\Oracle\Java\javapath;C:\ProgramData\Anaconda3;C:\ProgramData\Anaconda3\Library\mingw-w64\bin;C:\ProgramData\Anaconda3\Library\usr\bin;C:\ProgramData\Anaconda3\Library\bin;C:\ProgramData\Anaconda3\Scripts;C:\Windows\system32;C:\Windows;C:\Windows\System32\Wbem;C:\Windows\System32\WindowsPowerShell\v1.0\;C:\Windows\System32\OpenSSH\;C:\Program Files (x86)\NVIDIA Corporation\PhysX\Common;C:\Program Files\Microsoft VS Code\bin;C:\Program Files\Git\cmd;C:\Program Files\PuTTY\;C:\Users\priju\AppData\Roaming\nvm;C:\Program Files\nodejs;C:\WINDOWS\system32;C:\WINDOWS;C:\WINDOWS\System32\Wbem;C:\WINDOWS\System32\WindowsPowerShell\v1.0\;C:\WINDOWS\System32\OpenSSH\;C:\Users\priju\.cargo\bin;C:\Program Files (x86)\Elm\0.19\bin;C:\Users\priju\AppData\Local\Microsoft\WindowsApps;C:\Users\priju\AppData\Roaming\npm;C:\Program Files\Git;C:\Program Files\Java\jre1.8.0_181\bin;C:\Program Files\apache-maven-3.5.4\bin;C:\Users\priju\AppData\Local\Programs\Microsoft VS Code\bin;C:\Users\priju\AppData\Roaming\nvm;C:\Program Files\nodejs;

Yarn version: 
  1.22.4

Node version: 
  14.0.0

Platform: 
  win32 x64

Trace: 
  SyntaxError: C:\Users\priju\development\sodukoSolver\package.json: Unexpected token } in JSON at position 136
      at JSON.parse (<anonymous>)
      at C:\Users\priju\AppData\Roaming\nvm\v14.0.0\node_modules\yarn\lib\cli.js:1625:59
      at Generator.next (<anonymous>)
      at step (C:\Users\priju\AppData\Roaming\nvm\v14.0.0\node_modules\yarn\lib\cli.js:310:30)
      at C:\Users\priju\AppData\Roaming\nvm\v14.0.0\node_modules\yarn\lib\cli.js:321:13

npm manifest: 
  {
    "name": "sodukosolver",
    "version": "1.0.0",
    "description": "",
    "main": "index.js",
    "scripts": {
      "build": "rollup -c",
    },
    "author": "",
    "license": "ISC",
    "dependencies": {},
    "devDependencies": {
      "@babel/core": "^7.9.6",
      "@babel/preset-env": "^7.9.6",
      "rollup": "^2.7.4",
      "rollup-plugin-babel": "^4.4.0",
      "rollup-plugin-commonjs": "^10.1.0",
      "rollup-plugin-uglify": "^6.0.4"
    }
  }

yarn manifest: 
  No manifest

Lockfile: 
  No lockfile
